c:\vscode-workplace\c\hazel\build\hazel\hazelcore.dir\debug\vc143.pdb
c:\vscode-workplace\c\hazel\build\hazel\hazelcore.dir\debug\application.obj
c:\vscode-workplace\c\hazel\build\hazel\hazelcore.dir\debug\log.obj
c:\vscode-workplace\c\hazel\build\hazel\cmakefiles\generate.stamp
c:\vscode-workplace\c\hazel\build\bin\debug\hazelcore.dll
c:\vscode-workplace\c\hazel\build\bin\debug\hazelcore.pdb
c:\vscode-workplace\c\hazel\build\lib\debug\hazelcore.lib
c:\vscode-workplace\c\hazel\build\lib\debug\hazelcore.exp
c:\vscode-workplace\c\hazel\build\hazel\hazelcore.dir\debug\hazelcore.ilk
c:\vscode-workplace\c\hazel\build\hazel\hazelcore.dir\debug\hello.obj
c:\vscode-workplace\c\hazel\build\hazel\hazelcore.dir\debug\hazelcore.tlog\cl.command.1.tlog
c:\vscode-workplace\c\hazel\build\hazel\hazelcore.dir\debug\hazelcore.tlog\cl.items.tlog
c:\vscode-workplace\c\hazel\build\hazel\hazelcore.dir\debug\hazelcore.tlog\cl.read.1.tlog
c:\vscode-workplace\c\hazel\build\hazel\hazelcore.dir\debug\hazelcore.tlog\cl.write.1.tlog
c:\vscode-workplace\c\hazel\build\hazel\hazelcore.dir\debug\hazelcore.tlog\custombuild.command.1.tlog
c:\vscode-workplace\c\hazel\build\hazel\hazelcore.dir\debug\hazelcore.tlog\custombuild.read.1.tlog
c:\vscode-workplace\c\hazel\build\hazel\hazelcore.dir\debug\hazelcore.tlog\custombuild.write.1.tlog
c:\vscode-workplace\c\hazel\build\hazel\hazelcore.dir\debug\hazelcore.tlog\link.command.1.tlog
c:\vscode-workplace\c\hazel\build\hazel\hazelcore.dir\debug\hazelcore.tlog\link.read.1.tlog
c:\vscode-workplace\c\hazel\build\hazel\hazelcore.dir\debug\hazelcore.tlog\link.secondary.1.tlog
c:\vscode-workplace\c\hazel\build\hazel\hazelcore.dir\debug\hazelcore.tlog\link.write.1.tlog
